生成启动时间为 2019/4/1 星期一 下午 4:14:37。
     1>项目“E:\GlasswareDetectSystem-VEXI-2.1.1.2\GlasswareDetectSystem\GlasswareDetectSystem.vcxproj”在节点 2 上(Build 个目标)。
     1>InitializeBuildStatus:
         正在创建“x64\Debug\GlasswareDetectSystem.unsuccessfulbuild”，因为已指定“AlwaysCreate”。
       CustomBuild:
         Moc'ing glasswaredetectsystem.h...
         Rcc'ing glasswaredetectsystem.qrc...
         Uic'ing glasswaredetectsystem.ui...
         Moc'ing Widget_CameraPosition.h...
         Moc'ing UserManegeWidget.h...
         Moc'ing widget_count.h...
         Moc'ing widgetwarning.h...
         Moc'ing widget_plc.h...
         Moc'ing widget_debug.h...
         Moc'ing widget_camera.h...
         Moc'ing widget_errortype.h...
         Moc'ing widget_pie.h...
         Moc'ing widget_test.h...
         Moc'ing widget_title.h...
         Moc'ing widget_sample.h...
         Moc'ing widget_mycellwidget.h...
         Moc'ing widget_info.h...
         Moc'ing cmygraphicsview.h...
         Moc'ing dhbasewidget.h...
         Moc'ing camerasatuslabel.h...
         Moc'ing cdetectspeed.h...
         Moc'ing countset.h...
         Moc'ing cerrorimagelist.h...
         Moc'ing chistogram.h...
         Moc'ing CameraOffLineMonitor.h...
         Moc'ing userwidget.h...
         Moc'ing MyLogText.h...
         Moc'ing pieview.h...
         Moc'ing myimageshowitem.h...
         Moc'ing mytableview.h...
         Moc'ing widget_Management.h...
         Moc'ing Widget_CarveImage.h...
         Moc'ing Widget_CarveInfo.h...
         Moc'ing detectThread.h...
         Moc'ing CIOCard.h...
         Moc'ing Widget_CarveSetting.h...
         Moc'ing pushButton.h...
         Moc'ing widget_image.h...
         Uic'ing image_widget.ui...
         Uic'ing countset.ui...
         Uic'ing Widget_CarveInfo.ui...
         Uic'ing widget_Management.ui...
         Uic'ing userwidget.ui...
         Uic'ing widget_test.ui...
     1>E:\GlasswareDetectSystem-VEXI-2.1.1.2\GlasswareDetectSystem\widget_test.ui : warning : Z-order assignment: '' is not a valid widget.
     1>E:\GlasswareDetectSystem-VEXI-2.1.1.2\GlasswareDetectSystem\widget_test.ui : warning : Z-order assignment: '' is not a valid widget.
         Uic'ing UserManegeWidget.ui...
         Uic'ing Widget_userManege.ui...
         Uic'ing Widget_CameraPosition.ui...
     1>已完成生成项目“E:\GlasswareDetectSystem-VEXI-2.1.1.2\GlasswareDetectSystem\GlasswareDetectSystem.vcxproj”(Build 个目标)的操作 - 失败。

生成失败。

已用时间 00:00:05.05
